{"/Users/reed/Documents/Coding/RTS/Hovedforlob/Frameworks-1/vitest/vitest-velser-ReedorReed/src/my-functions.js": {"path":"/Users/reed/Documents/Coding/RTS/Hovedforlob/Frameworks-1/vitest/vitest-velser-ReedorReed/src/my-functions.js","statementMap":{"0":{"start":{"line":6,"column":1},"end":{"line":14,"column":null}},"1":{"start":{"line":7,"column":2},"end":{"line":7,"column":null}},"2":{"start":{"line":8,"column":8},"end":{"line":14,"column":null}},"3":{"start":{"line":9,"column":2},"end":{"line":9,"column":null}},"4":{"start":{"line":10,"column":8},"end":{"line":14,"column":null}},"5":{"start":{"line":11,"column":2},"end":{"line":11,"column":null}},"6":{"start":{"line":13,"column":2},"end":{"line":13,"column":null}},"7":{"start":{"line":22,"column":1},"end":{"line":34,"column":null}},"8":{"start":{"line":23,"column":2},"end":{"line":33,"column":null}},"9":{"start":{"line":24,"column":3},"end":{"line":32,"column":null}},"10":{"start":{"line":25,"column":4},"end":{"line":29,"column":null}},"11":{"start":{"line":31,"column":4},"end":{"line":31,"column":null}},"12":{"start":{"line":39,"column":1},"end":{"line":47,"column":null}},"13":{"start":{"line":40,"column":2},"end":{"line":46,"column":null}},"14":{"start":{"line":41,"column":3},"end":{"line":45,"column":null}},"15":{"start":{"line":42,"column":4},"end":{"line":42,"column":null}},"16":{"start":{"line":44,"column":4},"end":{"line":44,"column":null}},"17":{"start":{"line":52,"column":1},"end":{"line":62,"column":null}},"18":{"start":{"line":53,"column":2},"end":{"line":61,"column":null}},"19":{"start":{"line":54,"column":3},"end":{"line":60,"column":null}},"20":{"start":{"line":55,"column":4},"end":{"line":55,"column":null}},"21":{"start":{"line":56,"column":10},"end":{"line":60,"column":null}},"22":{"start":{"line":57,"column":4},"end":{"line":57,"column":null}},"23":{"start":{"line":59,"column":4},"end":{"line":59,"column":null}},"24":{"start":{"line":67,"column":1},"end":{"line":69,"column":null}},"25":{"start":{"line":68,"column":2},"end":{"line":68,"column":null}},"26":{"start":{"line":71,"column":1},"end":{"line":71,"column":null}}},"fnMap":{"0":{"name":"handleInput","decl":{"start":{"line":5,"column":16},"end":{"line":5,"column":27}},"loc":{"start":{"line":5,"column":35},"end":{"line":15,"column":null}},"line":5},"1":{"name":"fetchUser","decl":{"start":{"line":21,"column":16},"end":{"line":21,"column":25}},"loc":{"start":{"line":21,"column":34},"end":{"line":35,"column":null}},"line":21},"2":{"name":"(anonymous_2)","decl":{"start":{"line":22,"column":20},"end":{"line":22,"column":21}},"loc":{"start":{"line":22,"column":41},"end":{"line":34,"column":2}},"line":22},"3":{"name":"(anonymous_3)","decl":{"start":{"line":23,"column":13},"end":{"line":23,"column":14}},"loc":{"start":{"line":23,"column":19},"end":{"line":33,"column":3}},"line":23},"4":{"name":"saveData","decl":{"start":{"line":38,"column":16},"end":{"line":38,"column":24}},"loc":{"start":{"line":38,"column":31},"end":{"line":48,"column":null}},"line":38},"5":{"name":"(anonymous_5)","decl":{"start":{"line":39,"column":20},"end":{"line":39,"column":21}},"loc":{"start":{"line":39,"column":41},"end":{"line":47,"column":2}},"line":39},"6":{"name":"(anonymous_6)","decl":{"start":{"line":40,"column":13},"end":{"line":40,"column":14}},"loc":{"start":{"line":40,"column":19},"end":{"line":46,"column":3}},"line":40},"7":{"name":"apiCall","decl":{"start":{"line":51,"column":16},"end":{"line":51,"column":23}},"loc":{"start":{"line":51,"column":34},"end":{"line":63,"column":null}},"line":51},"8":{"name":"(anonymous_8)","decl":{"start":{"line":52,"column":20},"end":{"line":52,"column":21}},"loc":{"start":{"line":52,"column":41},"end":{"line":62,"column":2}},"line":52},"9":{"name":"(anonymous_9)","decl":{"start":{"line":53,"column":13},"end":{"line":53,"column":14}},"loc":{"start":{"line":53,"column":19},"end":{"line":61,"column":3}},"line":53},"10":{"name":"getFruitStock","decl":{"start":{"line":66,"column":16},"end":{"line":66,"column":29}},"loc":{"start":{"line":66,"column":36},"end":{"line":72,"column":null}},"line":66}},"branchMap":{"0":{"loc":{"start":{"line":6,"column":1},"end":{"line":14,"column":null}},"type":"if","locations":[{"start":{"line":6,"column":1},"end":{"line":14,"column":null}},{"start":{"line":8,"column":8},"end":{"line":14,"column":null}}],"line":6},"1":{"loc":{"start":{"line":8,"column":8},"end":{"line":14,"column":null}},"type":"if","locations":[{"start":{"line":8,"column":8},"end":{"line":14,"column":null}},{"start":{"line":10,"column":8},"end":{"line":14,"column":null}}],"line":8},"2":{"loc":{"start":{"line":10,"column":8},"end":{"line":14,"column":null}},"type":"if","locations":[{"start":{"line":10,"column":8},"end":{"line":14,"column":null}},{"start":{"line":12,"column":8},"end":{"line":14,"column":null}}],"line":10},"3":{"loc":{"start":{"line":24,"column":3},"end":{"line":32,"column":null}},"type":"if","locations":[{"start":{"line":24,"column":3},"end":{"line":32,"column":null}},{"start":{"line":30,"column":10},"end":{"line":32,"column":null}}],"line":24},"4":{"loc":{"start":{"line":41,"column":3},"end":{"line":45,"column":null}},"type":"if","locations":[{"start":{"line":41,"column":3},"end":{"line":45,"column":null}},{"start":{"line":43,"column":10},"end":{"line":45,"column":null}}],"line":41},"5":{"loc":{"start":{"line":41,"column":7},"end":{"line":41,"column":24}},"type":"binary-expr","locations":[{"start":{"line":41,"column":7},"end":{"line":41,"column":11}},{"start":{"line":41,"column":15},"end":{"line":41,"column":24}}],"line":41},"6":{"loc":{"start":{"line":54,"column":3},"end":{"line":60,"column":null}},"type":"if","locations":[{"start":{"line":54,"column":3},"end":{"line":60,"column":null}},{"start":{"line":56,"column":10},"end":{"line":60,"column":null}}],"line":54},"7":{"loc":{"start":{"line":56,"column":10},"end":{"line":60,"column":null}},"type":"if","locations":[{"start":{"line":56,"column":10},"end":{"line":60,"column":null}},{"start":{"line":58,"column":10},"end":{"line":60,"column":null}}],"line":56},"8":{"loc":{"start":{"line":67,"column":1},"end":{"line":69,"column":null}},"type":"if","locations":[{"start":{"line":67,"column":1},"end":{"line":69,"column":null}},{"start":{},"end":{}}],"line":67}},"s":{"0":13,"1":2,"2":11,"3":4,"4":7,"5":3,"6":4,"7":3,"8":3,"9":3,"10":1,"11":2,"12":4,"13":4,"14":3,"15":1,"16":2,"17":3,"18":3,"19":3,"20":1,"21":2,"22":1,"23":1,"24":2,"25":1,"26":1},"f":{"0":13,"1":3,"2":3,"3":3,"4":4,"5":4,"6":3,"7":3,"8":3,"9":3,"10":2},"b":{"0":[2,11],"1":[4,7],"2":[3,4],"3":[1,2],"4":[1,2],"5":[3,2],"6":[1,2],"7":[1,1],"8":[1,1]},"meta":{"lastBranch":9,"lastFunction":11,"lastStatement":27,"seen":{"f:5:16:5:27":0,"b:6:1:14:Infinity:8:8:14:Infinity":0,"s:6:1:14:Infinity":0,"s:7:2:7:Infinity":1,"b:8:8:14:Infinity:10:8:14:Infinity":1,"s:8:8:14:Infinity":2,"s:9:2:9:Infinity":3,"b:10:8:14:Infinity:12:8:14:Infinity":2,"s:10:8:14:Infinity":4,"s:11:2:11:Infinity":5,"s:13:2:13:Infinity":6,"f:21:16:21:25":1,"s:22:1:34:Infinity":7,"f:22:20:22:21":2,"s:23:2:33:Infinity":8,"f:23:13:23:14":3,"b:24:3:32:Infinity:30:10:32:Infinity":3,"s:24:3:32:Infinity":9,"s:25:4:29:Infinity":10,"s:31:4:31:Infinity":11,"f:38:16:38:24":4,"s:39:1:47:Infinity":12,"f:39:20:39:21":5,"s:40:2:46:Infinity":13,"f:40:13:40:14":6,"b:41:3:45:Infinity:43:10:45:Infinity":4,"s:41:3:45:Infinity":14,"b:41:7:41:11:41:15:41:24":5,"s:42:4:42:Infinity":15,"s:44:4:44:Infinity":16,"f:51:16:51:23":7,"s:52:1:62:Infinity":17,"f:52:20:52:21":8,"s:53:2:61:Infinity":18,"f:53:13:53:14":9,"b:54:3:60:Infinity:56:10:60:Infinity":6,"s:54:3:60:Infinity":19,"s:55:4:55:Infinity":20,"b:56:10:60:Infinity:58:10:60:Infinity":7,"s:56:10:60:Infinity":21,"s:57:4:57:Infinity":22,"s:59:4:59:Infinity":23,"f:66:16:66:29":10,"b:67:1:69:Infinity:undefined:undefined:undefined:undefined":8,"s:67:1:69:Infinity":24,"s:68:2:68:Infinity":25,"s:71:1:71:Infinity":26}}}
}
